C:\Users\RaresGeorge\Documents\GitHub\FindYourFlix\FindYourFlix.Web\ClientApp\dist\out-tsc\app\app-routing.module.js
C:\Users\RaresGeorge\Documents\GitHub\FindYourFlix\FindYourFlix.Web\ClientApp\dist\out-tsc\app\app-routing.module.js.map
C:\Users\RaresGeorge\Documents\GitHub\FindYourFlix\FindYourFlix.Web\ClientApp\dist\out-tsc\app\app.component.js
C:\Users\RaresGeorge\Documents\GitHub\FindYourFlix\FindYourFlix.Web\ClientApp\dist\out-tsc\app\app.component.js.map
C:\Users\RaresGeorge\Documents\GitHub\FindYourFlix\FindYourFlix.Web\ClientApp\dist\out-tsc\app\models\tag.js
C:\Users\RaresGeorge\Documents\GitHub\FindYourFlix\FindYourFlix.Web\ClientApp\dist\out-tsc\app\models\tag.js.map
C:\Users\RaresGeorge\Documents\GitHub\FindYourFlix\FindYourFlix.Web\ClientApp\dist\out-tsc\app\models\movie.js
C:\Users\RaresGeorge\Documents\GitHub\FindYourFlix\FindYourFlix.Web\ClientApp\dist\out-tsc\app\models\movie.js.map
C:\Users\RaresGeorge\Documents\GitHub\FindYourFlix\FindYourFlix.Web\ClientApp\dist\out-tsc\app\services\movies.service.js
C:\Users\RaresGeorge\Documents\GitHub\FindYourFlix\FindYourFlix.Web\ClientApp\dist\out-tsc\app\services\movies.service.js.map
C:\Users\RaresGeorge\Documents\GitHub\FindYourFlix\FindYourFlix.Web\ClientApp\dist\out-tsc\app\movies\movies-list\movies-list.component.js
C:\Users\RaresGeorge\Documents\GitHub\FindYourFlix\FindYourFlix.Web\ClientApp\dist\out-tsc\app\movies\movies-list\movies-list.component.js.map
C:\Users\RaresGeorge\Documents\GitHub\FindYourFlix\FindYourFlix.Web\ClientApp\dist\out-tsc\app\services\tags.service.js
C:\Users\RaresGeorge\Documents\GitHub\FindYourFlix\FindYourFlix.Web\ClientApp\dist\out-tsc\app\services\tags.service.js.map
C:\Users\RaresGeorge\Documents\GitHub\FindYourFlix\FindYourFlix.Web\ClientApp\dist\out-tsc\app\models\user.js
C:\Users\RaresGeorge\Documents\GitHub\FindYourFlix\FindYourFlix.Web\ClientApp\dist\out-tsc\app\models\user.js.map
C:\Users\RaresGeorge\Documents\GitHub\FindYourFlix\FindYourFlix.Web\ClientApp\dist\out-tsc\app\services\users.service.js
C:\Users\RaresGeorge\Documents\GitHub\FindYourFlix\FindYourFlix.Web\ClientApp\dist\out-tsc\app\services\users.service.js.map
C:\Users\RaresGeorge\Documents\GitHub\FindYourFlix\FindYourFlix.Web\ClientApp\dist\out-tsc\app\movies\movie-item\movies-item.component.js
C:\Users\RaresGeorge\Documents\GitHub\FindYourFlix\FindYourFlix.Web\ClientApp\dist\out-tsc\app\movies\movie-item\movies-item.component.js.map
C:\Users\RaresGeorge\Documents\GitHub\FindYourFlix\FindYourFlix.Web\ClientApp\dist\out-tsc\app\services\authentication.service.js
C:\Users\RaresGeorge\Documents\GitHub\FindYourFlix\FindYourFlix.Web\ClientApp\dist\out-tsc\app\services\authentication.service.js.map
C:\Users\RaresGeorge\Documents\GitHub\FindYourFlix\FindYourFlix.Web\ClientApp\dist\out-tsc\app\app-header\app-header.component.js
C:\Users\RaresGeorge\Documents\GitHub\FindYourFlix\FindYourFlix.Web\ClientApp\dist\out-tsc\app\app-header\app-header.component.js.map
C:\Users\RaresGeorge\Documents\GitHub\FindYourFlix\FindYourFlix.Web\ClientApp\dist\out-tsc\app\search-bar\search-bar.component.js
C:\Users\RaresGeorge\Documents\GitHub\FindYourFlix\FindYourFlix.Web\ClientApp\dist\out-tsc\app\search-bar\search-bar.component.js.map
C:\Users\RaresGeorge\Documents\GitHub\FindYourFlix\FindYourFlix.Web\ClientApp\dist\out-tsc\app\register\register.component.js
C:\Users\RaresGeorge\Documents\GitHub\FindYourFlix\FindYourFlix.Web\ClientApp\dist\out-tsc\app\register\register.component.js.map
C:\Users\RaresGeorge\Documents\GitHub\FindYourFlix\FindYourFlix.Web\ClientApp\dist\out-tsc\app\profile\profile.component.js
C:\Users\RaresGeorge\Documents\GitHub\FindYourFlix\FindYourFlix.Web\ClientApp\dist\out-tsc\app\profile\profile.component.js.map
C:\Users\RaresGeorge\Documents\GitHub\FindYourFlix\FindYourFlix.Web\ClientApp\dist\out-tsc\app\login\login.component.js
C:\Users\RaresGeorge\Documents\GitHub\FindYourFlix\FindYourFlix.Web\ClientApp\dist\out-tsc\app\login\login.component.js.map
C:\Users\RaresGeorge\Documents\GitHub\FindYourFlix\FindYourFlix.Web\ClientApp\dist\out-tsc\app\services\authorizationCheck.js
C:\Users\RaresGeorge\Documents\GitHub\FindYourFlix\FindYourFlix.Web\ClientApp\dist\out-tsc\app\services\authorizationCheck.js.map
C:\Users\RaresGeorge\Documents\GitHub\FindYourFlix\FindYourFlix.Web\ClientApp\dist\out-tsc\app\services\httpInterceptor.js
C:\Users\RaresGeorge\Documents\GitHub\FindYourFlix\FindYourFlix.Web\ClientApp\dist\out-tsc\app\services\httpInterceptor.js.map
C:\Users\RaresGeorge\Documents\GitHub\FindYourFlix\FindYourFlix.Web\ClientApp\dist\out-tsc\app\services\errorInterceptor.js
C:\Users\RaresGeorge\Documents\GitHub\FindYourFlix\FindYourFlix.Web\ClientApp\dist\out-tsc\app\services\errorInterceptor.js.map
C:\Users\RaresGeorge\Documents\GitHub\FindYourFlix\FindYourFlix.Web\ClientApp\dist\out-tsc\app\app.module.js
C:\Users\RaresGeorge\Documents\GitHub\FindYourFlix\FindYourFlix.Web\ClientApp\dist\out-tsc\app\app.module.js.map
C:\Users\RaresGeorge\Documents\GitHub\FindYourFlix\FindYourFlix.Web\ClientApp\dist\out-tsc\environments\environment.js
C:\Users\RaresGeorge\Documents\GitHub\FindYourFlix\FindYourFlix.Web\ClientApp\dist\out-tsc\environments\environment.js.map
C:\Users\RaresGeorge\Documents\GitHub\FindYourFlix\FindYourFlix.Web\ClientApp\dist\out-tsc\main.js
C:\Users\RaresGeorge\Documents\GitHub\FindYourFlix\FindYourFlix.Web\ClientApp\dist\out-tsc\main.js.map
C:\Users\RaresGeorge\Documents\GitHub\FindYourFlix\FindYourFlix.Web\ClientApp\dist\out-tsc\polyfills.js
C:\Users\RaresGeorge\Documents\GitHub\FindYourFlix\FindYourFlix.Web\ClientApp\dist\out-tsc\polyfills.js.map
C:\Users\RaresGeorge\Documents\GitHub\FindYourFlix\FindYourFlix.Web\ClientApp\dist\out-tsc\test.js
C:\Users\RaresGeorge\Documents\GitHub\FindYourFlix\FindYourFlix.Web\ClientApp\dist\out-tsc\test.js.map
C:\Users\RaresGeorge\Documents\GitHub\FindYourFlix\FindYourFlix.Web\ClientApp\dist\out-tsc\app\app.component.spec.js
C:\Users\RaresGeorge\Documents\GitHub\FindYourFlix\FindYourFlix.Web\ClientApp\dist\out-tsc\app\app.component.spec.js.map
C:\Users\RaresGeorge\Documents\GitHub\FindYourFlix\FindYourFlix.Web\ClientApp\dist\out-tsc\environments\environment.prod.js
C:\Users\RaresGeorge\Documents\GitHub\FindYourFlix\FindYourFlix.Web\ClientApp\dist\out-tsc\environments\environment.prod.js.map
